[INFO] Scanning for projects...
[WARNING] 
[WARNING] Some problems were encountered while building the effective model for com.dat:whmanagement:jar:1.0-SNAPSHOT
[WARNING] 'build.plugins.plugin.version' for org.apache.maven.plugins:maven-compiler-plugin is missing. @ line 102, column 21
[WARNING] 
[WARNING] It is highly recommended to fix these problems because they threaten the stability of your build.
[WARNING] 
[WARNING] For this reason, future Maven versions might no longer support building such malformed projects.
[WARNING] 
[INFO] 
[INFO] ------------------------< com.dat:whmanagement >------------------------
[INFO] Building whmanagement 1.0-SNAPSHOT
[INFO]   from pom.xml
[INFO] --------------------------------[ jar ]---------------------------------
[WARNING] 6 problems were encountered while building the effective model for org.openjfx:javafx-controls:jar:21.0.2 during dependency collection step for project (use -X to see details)
[WARNING] 6 problems were encountered while building the effective model for org.openjfx:javafx-controls:jar:20 during dependency collection step for project (use -X to see details)
[INFO] 
[INFO] --- clean:3.2.0:clean (default-clean) @ whmanagement ---
[INFO] Deleting C:\Users\utube\IdeaProjects\whmanagement\target
[INFO] 
[INFO] --- resources:3.3.1:resources (default-resources) @ whmanagement ---
[INFO] Copying 3 resources from src\main\resources to target\classes
[INFO] 
[INFO] --- compiler:3.13.0:compile (default-compile) @ whmanagement ---
[INFO] Recompiling the module because of changed source code.
[INFO] Compiling 71 source files with javac [debug target 17] to target\classes
[INFO] /C:/Users/utube/IdeaProjects/whmanagement/src/main/java/com/dat/whmanagement/view/PendingOrderPanel.java: Some input files use unchecked or unsafe operations.
[INFO] /C:/Users/utube/IdeaProjects/whmanagement/src/main/java/com/dat/whmanagement/view/PendingOrderPanel.java: Recompile with -Xlint:unchecked for details.
[INFO] ------------------------------------------------------------------------
[INFO] BUILD SUCCESS
[INFO] ------------------------------------------------------------------------
[INFO] Total time:  3.473 s
[INFO] Finished at: 2026-02-28T23:21:43+07:00
[INFO] ------------------------------------------------------------------------
